
  .   ____          _            __ _ _
 /\\ / ___'_ __ _ _(_)_ __  __ _ \ \ \ \
( ( )\___ | '_ | '_| | '_ \/ _` | \ \ \ \
 \\/  ___)| |_)| | | | | || (_| |  ) ) ) )
  '  |____| .__|_| |_|_| |_\__, | / / / /
 =========|_|==============|___/=/_/_/_/

 :: Spring Boot ::                (v3.3.5)

2026-04-26T15:47:49.683+08:00  INFO 14440 --- [luoluo-admin] [           main] c.p.ragbackend.LuoluoAdminApplication    : Starting LuoluoAdminApplication v0.0.1-SNAPSHOT using Java 21.0.9 with PID 14440 (D:\develop\Personal-Blog-RAG-Backend-Project\luoluo-admin\target\luoluo-admin-0.0.1-SNAPSHOT.jar started by HP in D:\develop\Personal-Blog-RAG-Backend-Project)
2026-04-26T15:47:49.688+08:00  INFO 14440 --- [luoluo-admin] [           main] c.p.ragbackend.LuoluoAdminApplication    : No active profile set, falling back to 1 default profile: "default"
2026-04-26T15:47:51.085+08:00  INFO 14440 --- [luoluo-admin] [           main] .s.d.r.c.RepositoryConfigurationDelegate : Multiple Spring Data modules found, entering strict repository configuration mode
2026-04-26T15:47:51.088+08:00  INFO 14440 --- [luoluo-admin] [           main] .s.d.r.c.RepositoryConfigurationDelegate : Bootstrapping Spring Data Redis repositories in DEFAULT mode.
2026-04-26T15:47:51.152+08:00  INFO 14440 --- [luoluo-admin] [           main] .s.d.r.c.RepositoryConfigurationDelegate : Finished Spring Data repository scanning in 23 ms. Found 0 Redis repository interfaces.
2026-04-26T15:47:51.993+08:00  INFO 14440 --- [luoluo-admin] [           main] o.s.b.w.embedded.tomcat.TomcatWebServer  : Tomcat initialized with port 8080 (http)
2026-04-26T15:47:52.014+08:00  INFO 14440 --- [luoluo-admin] [           main] o.apache.catalina.core.StandardService   : Starting service [Tomcat]
2026-04-26T15:47:52.014+08:00  INFO 14440 --- [luoluo-admin] [           main] o.apache.catalina.core.StandardEngine    : Starting Servlet engine: [Apache Tomcat/10.1.31]
2026-04-26T15:47:52.068+08:00  INFO 14440 --- [luoluo-admin] [           main] o.a.c.c.C.[Tomcat].[localhost].[/]       : Initializing Spring embedded WebApplicationContext
2026-04-26T15:47:52.070+08:00  INFO 14440 --- [luoluo-admin] [           main] w.s.c.ServletWebServerApplicationContext : Root WebApplicationContext: initialization completed in 2309 ms
 _ _   |_  _ _|_. ___ _ |    _ 
| | |\/|_)(_| | |_\  |_)||_|_\ 
     /               |         
                        3.5.14 
____ ____    ___ ____ _  _ ____ _  _ 
[__  |__| __  |  |  | |_/  |___ |\ | 
___] |  |     |  |__| | \_ |___ | \| 
https://sa-token.cc (v1.44.0)
2026-04-26T15:47:55.343+08:00  INFO 14440 --- [luoluo-admin] [           main] m.e.s.MybatisPlusApplicationContextAware : Register ApplicationContext instances org.springframework.boot.web.servlet.context.AnnotationConfigServletWebServerApplicationContext@674658f7
2026-04-26T15:47:55.596+08:00  WARN 14440 --- [luoluo-admin] [           main] ConfigServletWebServerApplicationContext : Exception encountered during context initialization - cancelling refresh attempt: org.springframework.context.ApplicationContextException: Failed to start bean 'webServerStartStop'
2026-04-26T15:47:55.637+08:00  INFO 14440 --- [luoluo-admin] [           main] .s.b.a.l.ConditionEvaluationReportLogger : 

Error starting ApplicationContext. To display the condition evaluation report re-run your application with 'debug' enabled.
2026-04-26T15:47:55.671+08:00 ERROR 14440 --- [luoluo-admin] [           main] o.s.b.d.LoggingFailureAnalysisReporter   : 

***************************
APPLICATION FAILED TO START
***************************

Description:

Web server failed to start. Port 8080 was already in use.

Action:

Identify and stop the process that's listening on port 8080 or configure this application to listen on another port.

